# JRE version: OpenJDK Runtime Environment (8.0_242-b01) (build 1.8.0_242-release-1644-b01)
# Java VM: OpenJDK 64-Bit Server VM (25.242-b01 mixed mode windows-amd64 compressed oops)
Heap:
 PSYoungGen      total 371200K, used 176448K [0x00000000d5580000, 0x00000000ee600000, 0x0000000100000000)
  eden space 351744K, 50% used [0x00000000d5580000,0x00000000e01d0348,0x00000000ead00000)
  from space 19456K, 0% used [0x00000000ec480000,0x00000000ec480000,0x00000000ed780000)
  to   space 24064K, 0% used [0x00000000ead00000,0x00000000ead00000,0x00000000ec480000)
 ParOldGen       total 228864K, used 36489K [0x0000000080000000, 0x000000008df80000, 0x00000000d5580000)
  object space 228864K, 15% used [0x0000000080000000,0x00000000823a26e8,0x000000008df80000)
 Metaspace       used 69191K, capacity 71426K, committed 71704K, reserved 1112064K
  class space    used 8990K, capacity 9489K, committed 9520K, reserved 1048576K
GC Heap History (10 events):
Event: 39.135 GC heap before
{Heap before GC invocations=17 (full 2):
 PSYoungGen      total 318976K, used 317997K [0x00000000d5580000, 0x00000000ea300000, 0x0000000100000000)
  eden space 305664K, 100% used [0x00000000d5580000,0x00000000e8000000,0x00000000e8000000)
  from space 13312K, 92% used [0x00000000e9600000,0x00000000ea20b448,0x00000000ea300000)
  to   space 17920K, 0% used [0x00000000e8000000,0x00000000e8000000,0x00000000e9180000)
 ParOldGen       total 144896K, used 13819K [0x0000000080000000, 0x0000000088d80000, 0x00000000d5580000)
  object space 144896K, 9% used [0x0000000080000000,0x0000000080d7ec58,0x0000000088d80000)
 Metaspace       used 48356K, capacity 49904K, committed 50096K, reserved 1093632K
  class space    used 6131K, capacity 6471K, committed 6576K, reserved 1048576K
Event: 39.145 GC heap after
Heap after GC invocations=17 (full 2):
 PSYoungGen      total 323584K, used 13446K [0x00000000d5580000, 0x00000000ec500000, 0x0000000100000000)
  eden space 305664K, 0% used [0x00000000d5580000,0x00000000d5580000,0x00000000e8000000)
  from space 17920K, 75% used [0x00000000e8000000,0x00000000e8d21a58,0x00000000e9180000)
  to   space 18432K, 0% used [0x00000000eb300000,0x00000000eb300000,0x00000000ec500000)
 ParOldGen       total 144896K, used 13827K [0x0000000080000000, 0x0000000088d80000, 0x00000000d5580000)
  object space 144896K, 9% used [0x0000000080000000,0x0000000080d80c58,0x0000000088d80000)
 Metaspace       used 48356K, capacity 49904K, committed 50096K, reserved 1093632K
  class space    used 6131K, capacity 6471K, committed 6576K, reserved 1048576K
}
Event: 42.159 GC heap before
{Heap before GC invocations=18 (full 2):
 PSYoungGen      total 323584K, used 319110K [0x00000000d5580000, 0x00000000ec500000, 0x0000000100000000)
  eden space 305664K, 100% used [0x00000000d5580000,0x00000000e8000000,0x00000000e8000000)
  from space 17920K, 75% used [0x00000000e8000000,0x00000000e8d21a58,0x00000000e9180000)
  to   space 18432K, 0% used [0x00000000eb300000,0x00000000eb300000,0x00000000ec500000)
 ParOldGen       total 144896K, used 13827K [0x0000000080000000, 0x0000000088d80000, 0x00000000d5580000)
  object space 144896K, 9% used [0x0000000080000000,0x0000000080d80c58,0x0000000088d80000)
 Metaspace       used 48358K, capacity 49904K, committed 50096K, reserved 1093632K
  class space    used 6131K, capacity 6471K, committed 6576K, reserved 1048576K
Event: 42.169 GC heap after
Heap after GC invocations=18 (full 2):
 PSYoungGen      total 352768K, used 14119K [0x00000000d5580000, 0x00000000ec380000, 0x0000000100000000)
  eden space 335872K, 0% used [0x00000000d5580000,0x00000000d5580000,0x00000000e9d80000)
  from space 16896K, 83% used [0x00000000eb300000,0x00000000ec0c9cc0,0x00000000ec380000)
  to   space 19456K, 0% used [0x00000000e9d80000,0x00000000e9d80000,0x00000000eb080000)
 ParOldGen       total 144896K, used 13835K [0x0000000080000000, 0x0000000088d80000, 0x00000000d5580000)
  object space 144896K, 9% used [0x0000000080000000,0x0000000080d82c58,0x0000000088d80000)
 Metaspace       used 48358K, capacity 49904K, committed 50096K, reserved 1093632K
  class space    used 6131K, capacity 6471K, committed 6576K, reserved 1048576K
}
Event: 44.846 GC heap before
{Heap before GC invocations=19 (full 2):
 PSYoungGen      total 352768K, used 349991K [0x00000000d5580000, 0x00000000ec380000, 0x0000000100000000)
  eden space 335872K, 100% used [0x00000000d5580000,0x00000000e9d80000,0x00000000e9d80000)
  from space 16896K, 83% used [0x00000000eb300000,0x00000000ec0c9cc0,0x00000000ec380000)
  to   space 19456K, 0% used [0x00000000e9d80000,0x00000000e9d80000,0x00000000eb080000)
 ParOldGen       total 144896K, used 13835K [0x0000000080000000, 0x0000000088d80000, 0x00000000d5580000)
  object space 144896K, 9% used [0x0000000080000000,0x0000000080d82c58,0x0000000088d80000)
 Metaspace       used 48360K, capacity 49904K, committed 50096K, reserved 1093632K
  class space    used 6131K, capacity 6471K, committed 6576K, reserved 1048576K
Event: 44.856 GC heap after
Heap after GC invocations=19 (full 2):
 PSYoungGen      total 355328K, used 12429K [0x00000000d5580000, 0x00000000ed780000, 0x0000000100000000)
  eden space 335872K, 0% used [0x00000000d5580000,0x00000000d5580000,0x00000000e9d80000)
  from space 19456K, 63% used [0x00000000e9d80000,0x00000000ea9a3670,0x00000000eb080000)
  to   space 19456K, 0% used [0x00000000ec480000,0x00000000ec480000,0x00000000ed780000)
 ParOldGen       total 144896K, used 13843K [0x0000000080000000, 0x0000000088d80000, 0x00000000d5580000)
  object space 144896K, 9% used [0x0000000080000000,0x0000000080d84c58,0x0000000088d80000)
 Metaspace       used 48360K, capacity 49904K, committed 50096K, reserved 1093632K
  class space    used 6131K, capacity 6471K, committed 6576K, reserved 1048576K
}
Event: 46.812 GC heap before
{Heap before GC invocations=20 (full 2):
 PSYoungGen      total 355328K, used 180610K [0x00000000d5580000, 0x00000000ed780000, 0x0000000100000000)
  eden space 335872K, 50% used [0x00000000d5580000,0x00000000df9bd448,0x00000000e9d80000)
  from space 19456K, 63% used [0x00000000e9d80000,0x00000000ea9a3670,0x00000000eb080000)
  to   space 19456K, 0% used [0x00000000ec480000,0x00000000ec480000,0x00000000ed780000)
 ParOldGen       total 144896K, used 13843K [0x0000000080000000, 0x0000000088d80000, 0x00000000d5580000)
  object space 144896K, 9% used [0x0000000080000000,0x0000000080d84c58,0x0000000088d80000)
 Metaspace       used 57062K, capacity 59052K, committed 59160K, reserved 1101824K
  class space    used 7262K, capacity 7700K, committed 7728K, reserved 1048576K
Event: 46.836 GC heap after
Heap after GC invocations=20 (full 2):
 PSYoungGen      total 371200K, used 19438K [0x00000000d5580000, 0x00000000ee600000, 0x0000000100000000)
  eden space 351744K, 0% used [0x00000000d5580000,0x00000000d5580000,0x00000000ead00000)
  from space 19456K, 99% used [0x00000000ec480000,0x00000000ed77b888,0x00000000ed780000)
  to   space 24064K, 0% used [0x00000000ead00000,0x00000000ead00000,0x00000000ec480000)
 ParOldGen       total 144896K, used 18677K [0x0000000080000000, 0x0000000088d80000, 0x00000000d5580000)
  object space 144896K, 12% used [0x0000000080000000,0x000000008123d4d0,0x0000000088d80000)
 Metaspace       used 57062K, capacity 59052K, committed 59160K, reserved 1101824K
  class space    used 7262K, capacity 7700K, committed 7728K, reserved 1048576K
}
Event: 46.836 GC heap before
{Heap before GC invocations=21 (full 3):
 PSYoungGen      total 371200K, used 19438K [0x00000000d5580000, 0x00000000ee600000, 0x0000000100000000)
  eden space 351744K, 0% used [0x00000000d5580000,0x00000000d5580000,0x00000000ead00000)
  from space 19456K, 99% used [0x00000000ec480000,0x00000000ed77b888,0x00000000ed780000)
  to   space 24064K, 0% used [0x00000000ead00000,0x00000000ead00000,0x00000000ec480000)
 ParOldGen       total 144896K, used 18677K [0x0000000080000000, 0x0000000088d80000, 0x00000000d5580000)
  object space 144896K, 12% used [0x0000000080000000,0x000000008123d4d0,0x0000000088d80000)
 Metaspace       used 57062K, capacity 59052K, committed 59160K, reserved 1101824K
  class space    used 7262K, capacity 7700K, committed 7728K, reserved 1048576K
Event: 47.138 GC heap after
Heap after GC invocations=21 (full 3):
 PSYoungGen      total 371200K, used 0K [0x00000000d5580000, 0x00000000ee600000, 0x0000000100000000)
  eden space 351744K, 0% used [0x00000000d5580000,0x00000000d5580000,0x00000000ead00000)
  from space 19456K, 0% used [0x00000000ec480000,0x00000000ec480000,0x00000000ed780000)
  to   space 24064K, 0% used [0x00000000ead00000,0x00000000ead00000,0x00000000ec480000)
 ParOldGen       total 228864K, used 36489K [0x0000000080000000, 0x000000008df80000, 0x00000000d5580000)
  object space 228864K, 15% used [0x0000000080000000,0x00000000823a26e8,0x000000008df80000)
 Metaspace       used 56934K, capacity 58768K, committed 59160K, reserved 1101824K
  class space    used 7226K, capacity 7655K, committed 7728K, reserved 1048576K
}

